<?xml version="1.0" encoding="UTF-8"?>
<!-- Generated by org.testng.reporters.JUnitXMLReporter -->
<testsuite hostname="LAPTOP-04VGSOIC" ignored="0" name="Test" tests="40" failures="4" timestamp="20 Nov 2019 17:25:00 GMT" time="2392.246" errors="0">
  <testcase name="executeBVATest" time="46.742" classname="boundryValueTest.TestCaseForBVA"/>
  <testcase name="executeBVATest" time="43.738" classname="boundryValueTest.TestCaseForBVA"/>
  <testcase name="executeBVATest" time="46.612" classname="boundryValueTest.TestCaseForBVA"/>
  <testcase name="executeBVATest" time="46.691" classname="boundryValueTest.TestCaseForBVA"/>
  <testcase name="executeBVATest" time="46.909" classname="boundryValueTest.TestCaseForBVA"/>
  <testcase name="executeBVATest" time="47.359" classname="boundryValueTest.TestCaseForBVA"/>
  <testcase name="executeBVATest" time="46.403" classname="boundryValueTest.TestCaseForBVA"/>
  <testcase name="executeBVATest" time="46.739" classname="boundryValueTest.TestCaseForBVA"/>
  <testcase name="executeBVATest" time="35.805" classname="boundryValueTest.TestCaseForBVA">
    <failure type="java.lang.AssertionError" message="Invalid Data Input">
      <![CDATA[java.lang.AssertionError: Invalid Data Input
at projectPages.RegisterationPage.verifyTest(RegisterationPage.java:81)
at boundryValueTest.TestCaseForBVA.executeBVATest(TestCaseForBVA.java:26)
at java.util.concurrent.ThreadPoolExecutor.runWorker(ThreadPoolExecutor.java:1149)
at java.util.concurrent.ThreadPoolExecutor$Worker.run(ThreadPoolExecutor.java:624)
at java.lang.Thread.run(Thread.java:748)
... Removed 11 stack frames]]>
    </failure>
  </testcase> <!-- executeBVATest -->
  <testcase name="executeBVATest" time="46.327" classname="boundryValueTest.TestCaseForBVA"/>
  <testcase name="executeBVATest" time="46.353" classname="boundryValueTest.TestCaseForBVA"/>
  <testcase name="executeBVATest" time="45.928" classname="boundryValueTest.TestCaseForBVA"/>
  <testcase name="executeBVATest" time="45.86" classname="boundryValueTest.TestCaseForBVA"/>
  <testcase name="executeBVATest" time="47.016" classname="boundryValueTest.TestCaseForBVA"/>
  <testcase name="executeBVATest" time="45.556" classname="boundryValueTest.TestCaseForBVA"/>
  <testcase name="executeBVATest" time="47.031" classname="boundryValueTest.TestCaseForBVA"/>
  <testcase name="executeBVATest" time="45.824" classname="boundryValueTest.TestCaseForBVA"/>
  <testcase name="executeBVATest" time="46.424" classname="boundryValueTest.TestCaseForBVA"/>
  <testcase name="executeBVATest" time="36.005" classname="boundryValueTest.TestCaseForBVA">
    <failure type="java.lang.AssertionError" message="Invalid Data Input">
      <![CDATA[java.lang.AssertionError: Invalid Data Input
at projectPages.RegisterationPage.verifyTest(RegisterationPage.java:81)
at boundryValueTest.TestCaseForBVA.executeBVATest(TestCaseForBVA.java:26)
at java.util.concurrent.ThreadPoolExecutor.runWorker(ThreadPoolExecutor.java:1149)
at java.util.concurrent.ThreadPoolExecutor$Worker.run(ThreadPoolExecutor.java:624)
at java.lang.Thread.run(Thread.java:748)
... Removed 10 stack frames]]>
    </failure>
  </testcase> <!-- executeBVATest -->
  <testcase name="executeBVATest" time="45.993" classname="boundryValueTest.TestCaseForBVA"/>
  <testcase name="executeBVATest" time="46.332" classname="boundryValueTest.TestCaseForBVA"/>
  <testcase name="executeBVATest" time="46.236" classname="boundryValueTest.TestCaseForBVA"/>
  <testcase name="executeBVATest" time="46.569" classname="boundryValueTest.TestCaseForBVA"/>
  <testcase name="executeBVATest" time="47.328" classname="boundryValueTest.TestCaseForBVA"/>
  <testcase name="executeBVATest" time="47.41" classname="boundryValueTest.TestCaseForBVA"/>
  <testcase name="executeBVATest" time="45.909" classname="boundryValueTest.TestCaseForBVA"/>
  <testcase name="executeBVATest" time="48.5" classname="boundryValueTest.TestCaseForBVA"/>
  <testcase name="executeBVATest" time="48.041" classname="boundryValueTest.TestCaseForBVA"/>
  <testcase name="executeBVATest" time="36.532" classname="boundryValueTest.TestCaseForBVA">
    <failure type="java.lang.AssertionError" message="Invalid Data Input">
      <![CDATA[java.lang.AssertionError: Invalid Data Input
at projectPages.RegisterationPage.verifyTest(RegisterationPage.java:81)
at boundryValueTest.TestCaseForBVA.executeBVATest(TestCaseForBVA.java:26)
at java.util.concurrent.ThreadPoolExecutor.runWorker(ThreadPoolExecutor.java:1149)
at java.util.concurrent.ThreadPoolExecutor$Worker.run(ThreadPoolExecutor.java:624)
at java.lang.Thread.run(Thread.java:748)
... Removed 10 stack frames]]>
    </failure>
  </testcase> <!-- executeBVATest -->
  <testcase name="executeBVATest" time="49.719" classname="boundryValueTest.TestCaseForBVA"/>
  <testcase name="executeBVATest" time="45.489" classname="boundryValueTest.TestCaseForBVA"/>
  <testcase name="executeBVATest" time="45.318" classname="boundryValueTest.TestCaseForBVA"/>
  <testcase name="executeBVATest" time="46.658" classname="boundryValueTest.TestCaseForBVA"/>
  <testcase name="executeBVATest" time="45.94" classname="boundryValueTest.TestCaseForBVA"/>
  <testcase name="executeBVATest" time="46.873" classname="boundryValueTest.TestCaseForBVA"/>
  <testcase name="executeBVATest" time="46.196" classname="boundryValueTest.TestCaseForBVA"/>
  <testcase name="executeBVATest" time="47.59" classname="boundryValueTest.TestCaseForBVA"/>
  <testcase name="executeBVATest" time="48.462" classname="boundryValueTest.TestCaseForBVA"/>
  <testcase name="executeBVATest" time="36.393" classname="boundryValueTest.TestCaseForBVA">
    <failure type="java.lang.AssertionError" message="Invalid Data Input">
      <![CDATA[java.lang.AssertionError: Invalid Data Input
at projectPages.RegisterationPage.verifyTest(RegisterationPage.java:81)
at boundryValueTest.TestCaseForBVA.executeBVATest(TestCaseForBVA.java:26)
at java.util.concurrent.ThreadPoolExecutor.runWorker(ThreadPoolExecutor.java:1149)
at java.util.concurrent.ThreadPoolExecutor$Worker.run(ThreadPoolExecutor.java:624)
at java.lang.Thread.run(Thread.java:748)
... Removed 10 stack frames]]>
    </failure>
  </testcase> <!-- executeBVATest -->
  <testcase name="executeBVATest" time="46.381" classname="boundryValueTest.TestCaseForBVA"/>
</testsuite> <!-- Test -->
