<?xml version="1.0" encoding="UTF-8"?>
<!-- Generated by org.testng.reporters.JUnitXMLReporter -->
<testsuite hostname="LAPTOP-04VGSOIC" ignored="0" name="Test" tests="3" failures="0" timestamp="27 Sep 2019 16:29:23 GMT" time="86.329" errors="0">
  <testcase name="editLeadRun" time="13.299" classname="week5.day1.testcase.EditLead"/>
  <testcase name="editLeadRun" time="12.298" classname="week5.day1.testcase.EditLead"/>
  <testcase name="editLeadRun" time="12.132" classname="week5.day1.testcase.EditLead"/>
</testsuite> <!-- Test -->
