<?xml version="1.0" encoding="UTF-8"?>
<testng-results skipped="0" failed="0" ignored="0" total="1" passed="1">
  <reporter-output>
  </reporter-output>
  <suite name="Suite" duration-ms="26838" started-at="2019-09-29T07:57:42Z" finished-at="2019-09-29T07:58:08Z">
    <groups>
    </groups>
    <test name="Test" duration-ms="26838" started-at="2019-09-29T07:57:42Z" finished-at="2019-09-29T07:58:08Z">
      <class name="projectTestcases.TC001_CreateLead_TestCase">
        <test-method status="PASS" signature="setData()[pri:0, instance:projectTestcases.TC001_CreateLead_TestCase@14bf9759]" name="setData" is-config="true" duration-ms="24" started-at="2019-09-29T07:57:42Z" finished-at="2019-09-29T07:57:42Z">
          <reporter-output>
          </reporter-output>
        </test-method> <!-- setData -->
        <test-method status="PASS" signature="startApplication(java.lang.String)[pri:0, instance:projectTestcases.TC001_CreateLead_TestCase@14bf9759]" name="startApplication" is-config="true" duration-ms="7694" started-at="2019-09-29T07:57:43Z" finished-at="2019-09-29T07:57:50Z">
          <params>
            <param index="0">
              <value>
                <![CDATA[http://leaftaps.com/opentaps/]]>
              </value>
            </param>
          </params>
          <reporter-output>
          </reporter-output>
        </test-method> <!-- startApplication -->
        <test-method status="PASS" signature="executeCreateLead(java.lang.String, java.lang.String, java.lang.String, java.lang.String, java.lang.String)[pri:0, instance:projectTestcases.TC001_CreateLead_TestCase@14bf9759]" name="executeCreateLead" duration-ms="11066" started-at="2019-09-29T07:57:50Z" data-provider="inputData" finished-at="2019-09-29T07:58:02Z">
          <params>
            <param index="0">
              <value>
                <![CDATA[demosalesmanager]]>
              </value>
            </param>
            <param index="1">
              <value>
                <![CDATA[crmsfa]]>
              </value>
            </param>
            <param index="2">
              <value>
                <![CDATA[Priyaaraj]]>
              </value>
            </param>
            <param index="3">
              <value>
                <![CDATA[Selva]]>
              </value>
            </param>
            <param index="4">
              <value>
                <![CDATA[Priyaa Company]]>
              </value>
            </param>
          </params>
          <reporter-output>
          </reporter-output>
        </test-method> <!-- executeCreateLead -->
        <test-method status="PASS" signature="closeApplication()[pri:0, instance:projectTestcases.TC001_CreateLead_TestCase@14bf9759]" name="closeApplication" is-config="true" duration-ms="6927" started-at="2019-09-29T07:58:02Z" finished-at="2019-09-29T07:58:08Z">
          <reporter-output>
          </reporter-output>
        </test-method> <!-- closeApplication -->
      </class> <!-- projectTestcases.TC001_CreateLead_TestCase -->
    </test> <!-- Test -->
  </suite> <!-- Suite -->
</testng-results>
