<?xml version="1.0" encoding="UTF-8"?>
<testng-results skipped="0" failed="0" ignored="0" total="1" passed="1">
  <reporter-output>
  </reporter-output>
  <suite name="Suite" duration-ms="18176" started-at="2019-10-12T10:03:16Z" finished-at="2019-10-12T10:03:34Z">
    <groups>
    </groups>
    <test name="Test" duration-ms="18176" started-at="2019-10-12T10:03:16Z" finished-at="2019-10-12T10:03:34Z">
      <class name="testCase.TC_ACMEfindCountry">
        <test-method status="PASS" signature="executeTest()[pri:0, instance:testCase.TC_ACMEfindCountry@31ef45e3]" name="executeTest" duration-ms="18145" started-at="2019-10-12T10:03:16Z" finished-at="2019-10-12T10:03:34Z">
          <reporter-output>
          </reporter-output>
        </test-method> <!-- executeTest -->
      </class> <!-- testCase.TC_ACMEfindCountry -->
    </test> <!-- Test -->
  </suite> <!-- Suite -->
</testng-results>
