<?xml version="1.0" encoding="UTF-8"?>
<testng-results skipped="0" failed="4" ignored="0" total="13" passed="9">
  <reporter-output>
  </reporter-output>
  <suite name="Suite" duration-ms="485298" started-at="2019-10-01T00:50:24Z" finished-at="2019-10-01T00:58:30Z">
    <groups>
    </groups>
    <test name="Test" duration-ms="485298" started-at="2019-10-01T00:50:24Z" finished-at="2019-10-01T00:58:30Z">
      <class name="boundryValueTest.TestCaseForBVA">
        <test-method status="PASS" signature="setData()[pri:0, instance:boundryValueTest.TestCaseForBVA@14bf9759]" name="setData" is-config="true" duration-ms="15" started-at="2019-10-01T00:50:24Z" finished-at="2019-10-01T00:50:24Z">
          <reporter-output>
          </reporter-output>
        </test-method> <!-- setData -->
        <test-method status="PASS" signature="startApplication(java.lang.String)[pri:0, instance:boundryValueTest.TestCaseForBVA@14bf9759]" name="startApplication" is-config="true" duration-ms="7728" started-at="2019-10-01T00:50:25Z" finished-at="2019-10-01T00:50:33Z">
          <params>
            <param index="0">
              <value>
                <![CDATA[https://www.irctc.co.in/nget/train-search]]>
              </value>
            </param>
          </params>
          <reporter-output>
          </reporter-output>
        </test-method> <!-- startApplication -->
        <test-method status="PASS" signature="executeBVATest(java.lang.String, java.lang.String)[pri:0, instance:boundryValueTest.TestCaseForBVA@14bf9759]" name="executeBVATest" duration-ms="32462" started-at="2019-10-01T00:50:33Z" data-provider="inputData" finished-at="2019-10-01T00:51:06Z">
          <params>
            <param index="0">
              <value>
                <![CDATA[abcrail]]>
              </value>
            </param>
            <param index="1">
              <value>
                <![CDATA[Abcdefg8]]>
              </value>
            </param>
          </params>
          <reporter-output>
          </reporter-output>
        </test-method> <!-- executeBVATest -->
        <test-method status="PASS" signature="closeApplication()[pri:0, instance:boundryValueTest.TestCaseForBVA@14bf9759]" name="closeApplication" is-config="true" duration-ms="952" started-at="2019-10-01T00:51:06Z" finished-at="2019-10-01T00:51:07Z">
          <reporter-output>
          </reporter-output>
        </test-method> <!-- closeApplication -->
        <test-method status="PASS" signature="startApplication(java.lang.String)[pri:0, instance:boundryValueTest.TestCaseForBVA@14bf9759]" name="startApplication" is-config="true" duration-ms="7414" started-at="2019-10-01T00:51:07Z" finished-at="2019-10-01T00:51:14Z">
          <params>
            <param index="0">
              <value>
                <![CDATA[https://www.irctc.co.in/nget/train-search]]>
              </value>
            </param>
          </params>
          <reporter-output>
          </reporter-output>
        </test-method> <!-- startApplication -->
        <test-method status="FAIL" signature="executeBVATest(java.lang.String, java.lang.String)[pri:0, instance:boundryValueTest.TestCaseForBVA@14bf9759]" name="executeBVATest" duration-ms="19374" started-at="2019-10-01T00:51:14Z" data-provider="inputData" finished-at="2019-10-01T00:51:33Z">
          <params>
            <param index="0">
              <value>
                <![CDATA[ab]]>
              </value>
            </param>
            <param index="1">
              <value>
                <![CDATA[Abcdefg8]]>
              </value>
            </param>
          </params>
          <exception class="java.lang.AssertionError">
            <message>
              <![CDATA[null]]>
            </message>
            <full-stacktrace>
              <![CDATA[java.lang.AssertionError: null
at org.testng.Assert.fail(Assert.java:96)
at org.testng.Assert.fail(Assert.java:103)
at projectPages.RegisterationPage.verifyTest(RegisterationPage.java:33)
at boundryValueTest.TestCaseForBVA.executeBVATest(TestCaseForBVA.java:23)
at sun.reflect.NativeMethodAccessorImpl.invoke0(Native Method)
at sun.reflect.NativeMethodAccessorImpl.invoke(NativeMethodAccessorImpl.java:62)
at sun.reflect.DelegatingMethodAccessorImpl.invoke(DelegatingMethodAccessorImpl.java:43)
at java.lang.reflect.Method.invoke(Method.java:498)
at org.testng.internal.MethodInvocationHelper.invokeMethod(MethodInvocationHelper.java:124)
at org.testng.internal.Invoker.invokeMethod(Invoker.java:583)
at org.testng.internal.Invoker.invokeTestMethod(Invoker.java:719)
at org.testng.internal.Invoker.invokeTestMethods(Invoker.java:989)
at org.testng.internal.TestMethodWorker.invokeTestMethods(TestMethodWorker.java:125)
at org.testng.internal.TestMethodWorker.run(TestMethodWorker.java:109)
at java.util.concurrent.ThreadPoolExecutor.runWorker(ThreadPoolExecutor.java:1149)
at java.util.concurrent.ThreadPoolExecutor$Worker.run(ThreadPoolExecutor.java:624)
at java.lang.Thread.run(Thread.java:748)
]]>
            </full-stacktrace>
          </exception> <!-- java.lang.AssertionError -->
          <reporter-output>
          </reporter-output>
        </test-method> <!-- executeBVATest -->
        <test-method status="PASS" signature="closeApplication()[pri:0, instance:boundryValueTest.TestCaseForBVA@14bf9759]" name="closeApplication" is-config="true" duration-ms="1006" started-at="2019-10-01T00:51:33Z" finished-at="2019-10-01T00:51:34Z">
          <reporter-output>
          </reporter-output>
        </test-method> <!-- closeApplication -->
        <test-method status="PASS" signature="startApplication(java.lang.String)[pri:0, instance:boundryValueTest.TestCaseForBVA@14bf9759]" name="startApplication" is-config="true" duration-ms="8450" started-at="2019-10-01T00:51:34Z" finished-at="2019-10-01T00:51:43Z">
          <params>
            <param index="0">
              <value>
                <![CDATA[https://www.irctc.co.in/nget/train-search]]>
              </value>
            </param>
          </params>
          <reporter-output>
          </reporter-output>
        </test-method> <!-- startApplication -->
        <test-method status="FAIL" signature="executeBVATest(java.lang.String, java.lang.String)[pri:0, instance:boundryValueTest.TestCaseForBVA@14bf9759]" name="executeBVATest" duration-ms="17924" started-at="2019-10-01T00:51:43Z" data-provider="inputData" finished-at="2019-10-01T00:52:01Z">
          <params>
            <param index="0">
              <value>
                <![CDATA[abcdefghijklmnopqrstuvwxyz1234567890]]>
              </value>
            </param>
            <param index="1">
              <value>
                <![CDATA[Abcdefg8]]>
              </value>
            </param>
          </params>
          <exception class="java.lang.AssertionError">
            <message>
              <![CDATA[null]]>
            </message>
            <full-stacktrace>
              <![CDATA[java.lang.AssertionError: null
at org.testng.Assert.fail(Assert.java:96)
at org.testng.Assert.fail(Assert.java:103)
at projectPages.RegisterationPage.verifyTest(RegisterationPage.java:33)
at boundryValueTest.TestCaseForBVA.executeBVATest(TestCaseForBVA.java:23)
at sun.reflect.NativeMethodAccessorImpl.invoke0(Native Method)
at sun.reflect.NativeMethodAccessorImpl.invoke(NativeMethodAccessorImpl.java:62)
at sun.reflect.DelegatingMethodAccessorImpl.invoke(DelegatingMethodAccessorImpl.java:43)
at java.lang.reflect.Method.invoke(Method.java:498)
at org.testng.internal.MethodInvocationHelper.invokeMethod(MethodInvocationHelper.java:124)
at org.testng.internal.Invoker.invokeMethod(Invoker.java:583)
at org.testng.internal.Invoker.invokeTestMethod(Invoker.java:719)
at org.testng.internal.Invoker.invokeTestMethods(Invoker.java:989)
at org.testng.internal.TestMethodWorker.invokeTestMethods(TestMethodWorker.java:125)
at org.testng.internal.TestMethodWorker.run(TestMethodWorker.java:109)
at java.util.concurrent.ThreadPoolExecutor.runWorker(ThreadPoolExecutor.java:1149)
at java.util.concurrent.ThreadPoolExecutor$Worker.run(ThreadPoolExecutor.java:624)
at java.lang.Thread.run(Thread.java:748)
]]>
            </full-stacktrace>
          </exception> <!-- java.lang.AssertionError -->
          <reporter-output>
          </reporter-output>
        </test-method> <!-- executeBVATest -->
        <test-method status="PASS" signature="closeApplication()[pri:0, instance:boundryValueTest.TestCaseForBVA@14bf9759]" name="closeApplication" is-config="true" duration-ms="1111" started-at="2019-10-01T00:52:01Z" finished-at="2019-10-01T00:52:02Z">
          <reporter-output>
          </reporter-output>
        </test-method> <!-- closeApplication -->
        <test-method status="PASS" signature="startApplication(java.lang.String)[pri:0, instance:boundryValueTest.TestCaseForBVA@14bf9759]" name="startApplication" is-config="true" duration-ms="8006" started-at="2019-10-01T00:52:02Z" finished-at="2019-10-01T00:52:10Z">
          <params>
            <param index="0">
              <value>
                <![CDATA[https://www.irctc.co.in/nget/train-search]]>
              </value>
            </param>
          </params>
          <reporter-output>
          </reporter-output>
        </test-method> <!-- startApplication -->
        <test-method status="FAIL" signature="executeBVATest(java.lang.String, java.lang.String)[pri:0, instance:boundryValueTest.TestCaseForBVA@14bf9759]" name="executeBVATest" duration-ms="17564" started-at="2019-10-01T00:52:10Z" data-provider="inputData" finished-at="2019-10-01T00:52:27Z">
          <params>
            <param index="0">
              <value>
                <![CDATA[abcrail]]>
              </value>
            </param>
            <param index="1">
              <value>
                <![CDATA[Abcdef7]]>
              </value>
            </param>
          </params>
          <exception class="java.lang.AssertionError">
            <message>
              <![CDATA[null]]>
            </message>
            <full-stacktrace>
              <![CDATA[java.lang.AssertionError: null
at org.testng.Assert.fail(Assert.java:96)
at org.testng.Assert.fail(Assert.java:103)
at projectPages.RegisterationPage.verifyTest(RegisterationPage.java:33)
at boundryValueTest.TestCaseForBVA.executeBVATest(TestCaseForBVA.java:23)
at sun.reflect.NativeMethodAccessorImpl.invoke0(Native Method)
at sun.reflect.NativeMethodAccessorImpl.invoke(NativeMethodAccessorImpl.java:62)
at sun.reflect.DelegatingMethodAccessorImpl.invoke(DelegatingMethodAccessorImpl.java:43)
at java.lang.reflect.Method.invoke(Method.java:498)
at org.testng.internal.MethodInvocationHelper.invokeMethod(MethodInvocationHelper.java:124)
at org.testng.internal.Invoker.invokeMethod(Invoker.java:583)
at org.testng.internal.Invoker.invokeTestMethod(Invoker.java:719)
at org.testng.internal.Invoker.invokeTestMethods(Invoker.java:989)
at org.testng.internal.TestMethodWorker.invokeTestMethods(TestMethodWorker.java:125)
at org.testng.internal.TestMethodWorker.run(TestMethodWorker.java:109)
at java.util.concurrent.ThreadPoolExecutor.runWorker(ThreadPoolExecutor.java:1149)
at java.util.concurrent.ThreadPoolExecutor$Worker.run(ThreadPoolExecutor.java:624)
at java.lang.Thread.run(Thread.java:748)
]]>
            </full-stacktrace>
          </exception> <!-- java.lang.AssertionError -->
          <reporter-output>
          </reporter-output>
        </test-method> <!-- executeBVATest -->
        <test-method status="PASS" signature="closeApplication()[pri:0, instance:boundryValueTest.TestCaseForBVA@14bf9759]" name="closeApplication" is-config="true" duration-ms="1017" started-at="2019-10-01T00:52:27Z" finished-at="2019-10-01T00:52:28Z">
          <reporter-output>
          </reporter-output>
        </test-method> <!-- closeApplication -->
        <test-method status="PASS" signature="startApplication(java.lang.String)[pri:0, instance:boundryValueTest.TestCaseForBVA@14bf9759]" name="startApplication" is-config="true" duration-ms="14938" started-at="2019-10-01T00:52:28Z" finished-at="2019-10-01T00:52:43Z">
          <params>
            <param index="0">
              <value>
                <![CDATA[https://www.irctc.co.in/nget/train-search]]>
              </value>
            </param>
          </params>
          <reporter-output>
          </reporter-output>
        </test-method> <!-- startApplication -->
        <test-method status="PASS" signature="executeBVATest(java.lang.String, java.lang.String)[pri:0, instance:boundryValueTest.TestCaseForBVA@14bf9759]" name="executeBVATest" duration-ms="29604" started-at="2019-10-01T00:52:43Z" data-provider="inputData" finished-at="2019-10-01T00:53:13Z">
          <params>
            <param index="0">
              <value>
                <![CDATA[abcrail]]>
              </value>
            </param>
            <param index="1">
              <value>
                <![CDATA[Abcdefg890123456]]>
              </value>
            </param>
          </params>
          <reporter-output>
          </reporter-output>
        </test-method> <!-- executeBVATest -->
        <test-method status="PASS" signature="closeApplication()[pri:0, instance:boundryValueTest.TestCaseForBVA@14bf9759]" name="closeApplication" is-config="true" duration-ms="1026" started-at="2019-10-01T00:53:13Z" finished-at="2019-10-01T00:53:14Z">
          <reporter-output>
          </reporter-output>
        </test-method> <!-- closeApplication -->
        <test-method status="PASS" signature="startApplication(java.lang.String)[pri:0, instance:boundryValueTest.TestCaseForBVA@14bf9759]" name="startApplication" is-config="true" duration-ms="8293" started-at="2019-10-01T00:53:14Z" finished-at="2019-10-01T00:53:22Z">
          <params>
            <param index="0">
              <value>
                <![CDATA[https://www.irctc.co.in/nget/train-search]]>
              </value>
            </param>
          </params>
          <reporter-output>
          </reporter-output>
        </test-method> <!-- startApplication -->
        <test-method status="PASS" signature="executeBVATest(java.lang.String, java.lang.String)[pri:0, instance:boundryValueTest.TestCaseForBVA@14bf9759]" name="executeBVATest" duration-ms="27909" started-at="2019-10-01T00:53:22Z" data-provider="inputData" finished-at="2019-10-01T00:53:50Z">
          <params>
            <param index="0">
              <value>
                <![CDATA[abcrail]]>
              </value>
            </param>
            <param index="1">
              <value>
                <![CDATA[Abcdefg8]]>
              </value>
            </param>
          </params>
          <reporter-output>
          </reporter-output>
        </test-method> <!-- executeBVATest -->
        <test-method status="PASS" signature="closeApplication()[pri:0, instance:boundryValueTest.TestCaseForBVA@14bf9759]" name="closeApplication" is-config="true" duration-ms="930" started-at="2019-10-01T00:53:50Z" finished-at="2019-10-01T00:53:51Z">
          <reporter-output>
          </reporter-output>
        </test-method> <!-- closeApplication -->
        <test-method status="PASS" signature="startApplication(java.lang.String)[pri:0, instance:boundryValueTest.TestCaseForBVA@14bf9759]" name="startApplication" is-config="true" duration-ms="8837" started-at="2019-10-01T00:53:51Z" finished-at="2019-10-01T00:54:00Z">
          <params>
            <param index="0">
              <value>
                <![CDATA[https://www.irctc.co.in/nget/train-search]]>
              </value>
            </param>
          </params>
          <reporter-output>
          </reporter-output>
        </test-method> <!-- startApplication -->
        <test-method status="PASS" signature="executeBVATest(java.lang.String, java.lang.String)[pri:0, instance:boundryValueTest.TestCaseForBVA@14bf9759]" name="executeBVATest" duration-ms="43303" started-at="2019-10-01T00:54:00Z" data-provider="inputData" finished-at="2019-10-01T00:54:43Z">
          <params>
            <param index="0">
              <value>
                <![CDATA[abcrail]]>
              </value>
            </param>
            <param index="1">
              <value>
                <![CDATA[Abcdefg89]]>
              </value>
            </param>
          </params>
          <reporter-output>
          </reporter-output>
        </test-method> <!-- executeBVATest -->
        <test-method status="PASS" signature="closeApplication()[pri:0, instance:boundryValueTest.TestCaseForBVA@14bf9759]" name="closeApplication" is-config="true" duration-ms="984" started-at="2019-10-01T00:54:43Z" finished-at="2019-10-01T00:54:44Z">
          <reporter-output>
          </reporter-output>
        </test-method> <!-- closeApplication -->
        <test-method status="PASS" signature="startApplication(java.lang.String)[pri:0, instance:boundryValueTest.TestCaseForBVA@14bf9759]" name="startApplication" is-config="true" duration-ms="7983" started-at="2019-10-01T00:54:44Z" finished-at="2019-10-01T00:54:52Z">
          <params>
            <param index="0">
              <value>
                <![CDATA[https://www.irctc.co.in/nget/train-search]]>
              </value>
            </param>
          </params>
          <reporter-output>
          </reporter-output>
        </test-method> <!-- startApplication -->
        <test-method status="PASS" signature="executeBVATest(java.lang.String, java.lang.String)[pri:0, instance:boundryValueTest.TestCaseForBVA@14bf9759]" name="executeBVATest" duration-ms="30190" started-at="2019-10-01T00:54:52Z" data-provider="inputData" finished-at="2019-10-01T00:55:22Z">
          <params>
            <param index="0">
              <value>
                <![CDATA[abcrail]]>
              </value>
            </param>
            <param index="1">
              <value>
                <![CDATA[Abcdefg8901]]>
              </value>
            </param>
          </params>
          <reporter-output>
          </reporter-output>
        </test-method> <!-- executeBVATest -->
        <test-method status="PASS" signature="closeApplication()[pri:0, instance:boundryValueTest.TestCaseForBVA@14bf9759]" name="closeApplication" is-config="true" duration-ms="969" started-at="2019-10-01T00:55:22Z" finished-at="2019-10-01T00:55:23Z">
          <reporter-output>
          </reporter-output>
        </test-method> <!-- closeApplication -->
        <test-method status="PASS" signature="startApplication(java.lang.String)[pri:0, instance:boundryValueTest.TestCaseForBVA@14bf9759]" name="startApplication" is-config="true" duration-ms="8413" started-at="2019-10-01T00:55:23Z" finished-at="2019-10-01T00:55:32Z">
          <params>
            <param index="0">
              <value>
                <![CDATA[https://www.irctc.co.in/nget/train-search]]>
              </value>
            </param>
          </params>
          <reporter-output>
          </reporter-output>
        </test-method> <!-- startApplication -->
        <test-method status="PASS" signature="executeBVATest(java.lang.String, java.lang.String)[pri:0, instance:boundryValueTest.TestCaseForBVA@14bf9759]" name="executeBVATest" duration-ms="28312" started-at="2019-10-01T00:55:32Z" data-provider="inputData" finished-at="2019-10-01T00:56:00Z">
          <params>
            <param index="0">
              <value>
                <![CDATA[abcrail]]>
              </value>
            </param>
            <param index="1">
              <value>
                <![CDATA[Abcdefg8901234]]>
              </value>
            </param>
          </params>
          <reporter-output>
          </reporter-output>
        </test-method> <!-- executeBVATest -->
        <test-method status="PASS" signature="closeApplication()[pri:0, instance:boundryValueTest.TestCaseForBVA@14bf9759]" name="closeApplication" is-config="true" duration-ms="1002" started-at="2019-10-01T00:56:00Z" finished-at="2019-10-01T00:56:01Z">
          <reporter-output>
          </reporter-output>
        </test-method> <!-- closeApplication -->
        <test-method status="PASS" signature="startApplication(java.lang.String)[pri:0, instance:boundryValueTest.TestCaseForBVA@14bf9759]" name="startApplication" is-config="true" duration-ms="13033" started-at="2019-10-01T00:56:01Z" finished-at="2019-10-01T00:56:14Z">
          <params>
            <param index="0">
              <value>
                <![CDATA[https://www.irctc.co.in/nget/train-search]]>
              </value>
            </param>
          </params>
          <reporter-output>
          </reporter-output>
        </test-method> <!-- startApplication -->
        <test-method status="PASS" signature="executeBVATest(java.lang.String, java.lang.String)[pri:0, instance:boundryValueTest.TestCaseForBVA@14bf9759]" name="executeBVATest" duration-ms="27892" started-at="2019-10-01T00:56:14Z" data-provider="inputData" finished-at="2019-10-01T00:56:42Z">
          <params>
            <param index="0">
              <value>
                <![CDATA[abcrail]]>
              </value>
            </param>
            <param index="1">
              <value>
                <![CDATA[Abcdefg89012345]]>
              </value>
            </param>
          </params>
          <reporter-output>
          </reporter-output>
        </test-method> <!-- executeBVATest -->
        <test-method status="PASS" signature="closeApplication()[pri:0, instance:boundryValueTest.TestCaseForBVA@14bf9759]" name="closeApplication" is-config="true" duration-ms="965" started-at="2019-10-01T00:56:42Z" finished-at="2019-10-01T00:56:43Z">
          <reporter-output>
          </reporter-output>
        </test-method> <!-- closeApplication -->
        <test-method status="PASS" signature="startApplication(java.lang.String)[pri:0, instance:boundryValueTest.TestCaseForBVA@14bf9759]" name="startApplication" is-config="true" duration-ms="12105" started-at="2019-10-01T00:56:43Z" finished-at="2019-10-01T00:56:55Z">
          <params>
            <param index="0">
              <value>
                <![CDATA[https://www.irctc.co.in/nget/train-search]]>
              </value>
            </param>
          </params>
          <reporter-output>
          </reporter-output>
        </test-method> <!-- startApplication -->
        <test-method status="FAIL" signature="executeBVATest(java.lang.String, java.lang.String)[pri:0, instance:boundryValueTest.TestCaseForBVA@14bf9759]" name="executeBVATest" duration-ms="17323" started-at="2019-10-01T00:56:55Z" data-provider="inputData" finished-at="2019-10-01T00:57:12Z">
          <params>
            <param index="0">
              <value>
                <![CDATA[abcrail]]>
              </value>
            </param>
            <param index="1">
              <value>
                <![CDATA[Abcdef7]]>
              </value>
            </param>
          </params>
          <exception class="java.lang.AssertionError">
            <message>
              <![CDATA[null]]>
            </message>
            <full-stacktrace>
              <![CDATA[java.lang.AssertionError: null
at org.testng.Assert.fail(Assert.java:96)
at org.testng.Assert.fail(Assert.java:103)
at projectPages.RegisterationPage.verifyTest(RegisterationPage.java:33)
at boundryValueTest.TestCaseForBVA.executeBVATest(TestCaseForBVA.java:23)
at sun.reflect.NativeMethodAccessorImpl.invoke0(Native Method)
at sun.reflect.NativeMethodAccessorImpl.invoke(NativeMethodAccessorImpl.java:62)
at sun.reflect.DelegatingMethodAccessorImpl.invoke(DelegatingMethodAccessorImpl.java:43)
at java.lang.reflect.Method.invoke(Method.java:498)
at org.testng.internal.MethodInvocationHelper.invokeMethod(MethodInvocationHelper.java:124)
at org.testng.internal.Invoker.invokeMethod(Invoker.java:583)
at org.testng.internal.Invoker.invokeTestMethod(Invoker.java:719)
at org.testng.internal.Invoker.invokeTestMethods(Invoker.java:989)
at org.testng.internal.TestMethodWorker.invokeTestMethods(TestMethodWorker.java:125)
at org.testng.internal.TestMethodWorker.run(TestMethodWorker.java:109)
at java.util.concurrent.ThreadPoolExecutor.runWorker(ThreadPoolExecutor.java:1149)
at java.util.concurrent.ThreadPoolExecutor$Worker.run(ThreadPoolExecutor.java:624)
at java.lang.Thread.run(Thread.java:748)
]]>
            </full-stacktrace>
          </exception> <!-- java.lang.AssertionError -->
          <reporter-output>
          </reporter-output>
        </test-method> <!-- executeBVATest -->
        <test-method status="PASS" signature="closeApplication()[pri:0, instance:boundryValueTest.TestCaseForBVA@14bf9759]" name="closeApplication" is-config="true" duration-ms="904" started-at="2019-10-01T00:57:12Z" finished-at="2019-10-01T00:57:13Z">
          <reporter-output>
          </reporter-output>
        </test-method> <!-- closeApplication -->
        <test-method status="PASS" signature="startApplication(java.lang.String)[pri:0, instance:boundryValueTest.TestCaseForBVA@14bf9759]" name="startApplication" is-config="true" duration-ms="8320" started-at="2019-10-01T00:57:13Z" finished-at="2019-10-01T00:57:22Z">
          <params>
            <param index="0">
              <value>
                <![CDATA[https://www.irctc.co.in/nget/train-search]]>
              </value>
            </param>
          </params>
          <reporter-output>
          </reporter-output>
        </test-method> <!-- startApplication -->
        <test-method status="PASS" signature="executeBVATest(java.lang.String, java.lang.String)[pri:0, instance:boundryValueTest.TestCaseForBVA@14bf9759]" name="executeBVATest" duration-ms="29964" started-at="2019-10-01T00:57:22Z" data-provider="inputData" finished-at="2019-10-01T00:57:52Z">
          <params>
            <param index="0">
              <value>
                <![CDATA[abcrail]]>
              </value>
            </param>
            <param index="1">
              <value>
                <![CDATA[Abcdefg890123456]]>
              </value>
            </param>
          </params>
          <reporter-output>
          </reporter-output>
        </test-method> <!-- executeBVATest -->
        <test-method status="PASS" signature="closeApplication()[pri:0, instance:boundryValueTest.TestCaseForBVA@14bf9759]" name="closeApplication" is-config="true" duration-ms="1035" started-at="2019-10-01T00:57:52Z" finished-at="2019-10-01T00:57:53Z">
          <reporter-output>
          </reporter-output>
        </test-method> <!-- closeApplication -->
        <test-method status="PASS" signature="startApplication(java.lang.String)[pri:0, instance:boundryValueTest.TestCaseForBVA@14bf9759]" name="startApplication" is-config="true" duration-ms="7741" started-at="2019-10-01T00:57:53Z" finished-at="2019-10-01T00:58:00Z">
          <params>
            <param index="0">
              <value>
                <![CDATA[https://www.irctc.co.in/nget/train-search]]>
              </value>
            </param>
          </params>
          <reporter-output>
          </reporter-output>
        </test-method> <!-- startApplication -->
        <test-method status="PASS" signature="executeBVATest(java.lang.String, java.lang.String)[pri:0, instance:boundryValueTest.TestCaseForBVA@14bf9759]" name="executeBVATest" duration-ms="28358" started-at="2019-10-01T00:58:00Z" data-provider="inputData" finished-at="2019-10-01T00:58:29Z">
          <params>
            <param index="0">
              <value>
                <![CDATA[ra1l]]>
              </value>
            </param>
            <param index="1">
              <value>
                <![CDATA[Abcdefg8]]>
              </value>
            </param>
          </params>
          <reporter-output>
          </reporter-output>
        </test-method> <!-- executeBVATest -->
        <test-method status="PASS" signature="closeApplication()[pri:0, instance:boundryValueTest.TestCaseForBVA@14bf9759]" name="closeApplication" is-config="true" duration-ms="960" started-at="2019-10-01T00:58:29Z" finished-at="2019-10-01T00:58:30Z">
          <reporter-output>
          </reporter-output>
        </test-method> <!-- closeApplication -->
      </class> <!-- boundryValueTest.TestCaseForBVA -->
    </test> <!-- Test -->
  </suite> <!-- Suite -->
</testng-results>
