<?xml version="1.0" encoding="UTF-8"?>
<testng-results skipped="0" failed="0" ignored="0" total="1" passed="1">
  <reporter-output>
  </reporter-output>
  <suite name="Suite" duration-ms="30430" started-at="2019-10-12T06:58:16Z" finished-at="2019-10-12T06:58:46Z">
    <groups>
      <group name="cucumber">
        <method signature="AbstractTestNGCucumberTests.runScenario(cucumber.api.testng.PickleEventWrapper, cucumber.api.testng.CucumberFeatureWrapper)[pri:0, instance:com.leafBot.testcases.TC001_CreateLead@731a74c]" name="runScenario" class="cucumber.api.testng.AbstractTestNGCucumberTests"/>
      </group> <!-- cucumber -->
    </groups>
    <test name="Test" duration-ms="30430" started-at="2019-10-12T06:58:16Z" finished-at="2019-10-12T06:58:46Z">
      <class name="com.leafBot.testcases.TC001_CreateLead">
        <test-method status="PASS" signature="startReport()[pri:0, instance:com.leafBot.testcases.TC001_CreateLead@731a74c]" name="startReport" is-config="true" duration-ms="796" started-at="2019-10-12T06:58:15Z" finished-at="2019-10-12T06:58:16Z">
          <reporter-output>
          </reporter-output>
        </test-method> <!-- startReport -->
        <test-method status="PASS" signature="setData()[pri:0, instance:com.leafBot.testcases.TC001_CreateLead@731a74c]" name="setData" is-config="true" duration-ms="0" started-at="2019-10-12T06:58:16Z" finished-at="2019-10-12T06:58:16Z">
          <reporter-output>
          </reporter-output>
        </test-method> <!-- setData -->
        <test-method status="PASS" signature="setUpClass()[pri:0, instance:com.leafBot.testcases.TC001_CreateLead@731a74c]" name="setUpClass" is-config="true" duration-ms="219" started-at="2019-10-12T06:58:16Z" finished-at="2019-10-12T06:58:16Z">
          <reporter-output>
          </reporter-output>
        </test-method> <!-- setUpClass -->
        <test-method status="PASS" signature="report()[pri:0, instance:com.leafBot.testcases.TC001_CreateLead@731a74c]" name="report" is-config="true" duration-ms="15" started-at="2019-10-12T06:58:16Z" finished-at="2019-10-12T06:58:16Z">
          <reporter-output>
          </reporter-output>
        </test-method> <!-- report -->
        <test-method status="PASS" signature="beforeMethod()[pri:0, instance:com.leafBot.testcases.TC001_CreateLead@731a74c]" name="beforeMethod" is-config="true" duration-ms="9817" started-at="2019-10-12T06:58:17Z" finished-at="2019-10-12T06:58:27Z">
          <reporter-output>
          </reporter-output>
        </test-method> <!-- beforeMethod -->
        <test-method status="PASS" signature="runTC001(java.lang.String, java.lang.String, java.lang.String, java.lang.String, java.lang.String)[pri:0, instance:com.leafBot.testcases.TC001_CreateLead@731a74c]" name="runTC001" duration-ms="16389" started-at="2019-10-12T06:58:27Z" data-provider="fetchData" finished-at="2019-10-12T06:58:44Z">
          <params>
            <param index="0">
              <value>
                <![CDATA[demosalesmanager]]>
              </value>
            </param>
            <param index="1">
              <value>
                <![CDATA[crmsfa]]>
              </value>
            </param>
            <param index="2">
              <value>
                <![CDATA[Priyaaraj]]>
              </value>
            </param>
            <param index="3">
              <value>
                <![CDATA[Selva]]>
              </value>
            </param>
            <param index="4">
              <value>
                <![CDATA[Priyaa Company]]>
              </value>
            </param>
          </params>
          <reporter-output>
          </reporter-output>
        </test-method> <!-- runTC001 -->
        <test-method status="PASS" signature="afterMethod()[pri:0, instance:com.leafBot.testcases.TC001_CreateLead@731a74c]" name="afterMethod" is-config="true" duration-ms="2367" started-at="2019-10-12T06:58:44Z" finished-at="2019-10-12T06:58:46Z">
          <reporter-output>
          </reporter-output>
        </test-method> <!-- afterMethod -->
        <test-method status="PASS" signature="tearDownClass()[pri:0, instance:com.leafBot.testcases.TC001_CreateLead@731a74c]" name="tearDownClass" is-config="true" duration-ms="21" started-at="2019-10-12T06:58:46Z" finished-at="2019-10-12T06:58:46Z">
          <reporter-output>
          </reporter-output>
        </test-method> <!-- tearDownClass -->
        <test-method status="PASS" signature="stopReport()[pri:0, instance:com.leafBot.testcases.TC001_CreateLead@731a74c]" name="stopReport" is-config="true" duration-ms="422" started-at="2019-10-12T06:58:46Z" finished-at="2019-10-12T06:58:47Z">
          <reporter-output>
          </reporter-output>
        </test-method> <!-- stopReport -->
      </class> <!-- com.leafBot.testcases.TC001_CreateLead -->
    </test> <!-- Test -->
  </suite> <!-- Suite -->
</testng-results>
