<?xml version="1.0" encoding="UTF-8"?>
<testng-results skipped="0" failed="0" ignored="0" total="3" passed="3">
  <reporter-output>
  </reporter-output>
  <suite name="Default suite" duration-ms="43694" started-at="2019-09-28T08:02:35Z" finished-at="2019-09-28T08:03:19Z">
    <groups>
      <group name="cucumber">
        <method signature="AbstractTestNGCucumberTests.runScenario(cucumber.api.testng.PickleEventWrapper, cucumber.api.testng.CucumberFeatureWrapper)[pri:0, instance:runnerPackage.RunTest@59494225]" name="runScenario" class="cucumber.api.testng.AbstractTestNGCucumberTests"/>
      </group> <!-- cucumber -->
    </groups>
    <test name="Default test" duration-ms="43694" started-at="2019-09-28T08:02:35Z" finished-at="2019-09-28T08:03:19Z">
      <class name="runnerPackage.RunTest">
        <test-method status="PASS" signature="setUpClass()[pri:0, instance:runnerPackage.RunTest@59494225]" name="setUpClass" is-config="true" duration-ms="250" started-at="2019-09-28T08:02:35Z" finished-at="2019-09-28T08:02:35Z">
          <reporter-output>
          </reporter-output>
        </test-method> <!-- setUpClass -->
        <test-method status="PASS" signature="runScenario(cucumber.api.testng.PickleEventWrapper, cucumber.api.testng.CucumberFeatureWrapper)[pri:0, instance:runnerPackage.RunTest@59494225]" name="runScenario" duration-ms="15828" started-at="2019-09-28T08:02:36Z" description="Runs Cucumber Scenarios" data-provider="scenarios" finished-at="2019-09-28T08:02:51Z">
          <params>
            <param index="0">
              <value>
                <![CDATA["TC001 Verify Basic Create Lead Function"]]>
              </value>
            </param>
            <param index="1">
              <value>
                <![CDATA["Leaptaps CretaeLead Test"]]>
              </value>
            </param>
          </params>
          <reporter-output>
          </reporter-output>
        </test-method> <!-- runScenario -->
        <test-method status="PASS" signature="runScenario(cucumber.api.testng.PickleEventWrapper, cucumber.api.testng.CucumberFeatureWrapper)[pri:0, instance:runnerPackage.RunTest@59494225]" name="runScenario" duration-ms="14170" started-at="2019-09-28T08:02:51Z" description="Runs Cucumber Scenarios" data-provider="scenarios" finished-at="2019-09-28T08:03:06Z">
          <params>
            <param index="0">
              <value>
                <![CDATA["TC001 Verify Basic Create Lead Function"]]>
              </value>
            </param>
            <param index="1">
              <value>
                <![CDATA["Leaptaps CretaeLead Test"]]>
              </value>
            </param>
          </params>
          <reporter-output>
          </reporter-output>
        </test-method> <!-- runScenario -->
        <test-method status="PASS" signature="runScenario(cucumber.api.testng.PickleEventWrapper, cucumber.api.testng.CucumberFeatureWrapper)[pri:0, instance:runnerPackage.RunTest@59494225]" name="runScenario" duration-ms="13321" started-at="2019-09-28T08:03:06Z" description="Runs Cucumber Scenarios" data-provider="scenarios" finished-at="2019-09-28T08:03:19Z">
          <params>
            <param index="0">
              <value>
                <![CDATA["TC001 Verify Basic Create Lead Function"]]>
              </value>
            </param>
            <param index="1">
              <value>
                <![CDATA["Leaptaps CretaeLead Test"]]>
              </value>
            </param>
          </params>
          <reporter-output>
          </reporter-output>
        </test-method> <!-- runScenario -->
        <test-method status="PASS" signature="tearDownClass()[pri:0, instance:runnerPackage.RunTest@59494225]" name="tearDownClass" is-config="true" duration-ms="12" started-at="2019-09-28T08:03:19Z" finished-at="2019-09-28T08:03:19Z">
          <reporter-output>
          </reporter-output>
        </test-method> <!-- tearDownClass -->
      </class> <!-- runnerPackage.RunTest -->
    </test> <!-- Default test -->
  </suite> <!-- Default suite -->
</testng-results>
